d:\ms-2ndsem\ood\project4\final\project4demo\serverprototype\debug\vc141.pdb
d:\ms-2ndsem\ood\project4\final\project4demo\serverprototype\debug\vc141.idb
d:\ms-2ndsem\ood\project4\final\project4demo\serverprototype\debug\checkin.obj
d:\ms-2ndsem\ood\project4\final\project4demo\serverprototype\debug\checkout.obj
d:\ms-2ndsem\ood\project4\final\project4demo\serverprototype\debug\version.obj
d:\ms-2ndsem\ood\project4\final\project4demo\serverprototype\debug\serverprototype.obj
d:\ms-2ndsem\ood\project4\final\project4demo\debug\serverprototype.ilk
d:\ms-2ndsem\ood\project4\final\project4demo\debug\serverprototype.exe
d:\ms-2ndsem\ood\project4\final\project4demo\debug\serverprototype.pdb
e:\study material\ms\ms-2ndsem\ood\project4\final\project4demo\serverprototype\debug\checkin.obj
e:\study material\ms\ms-2ndsem\ood\project4\final\project4demo\serverprototype\debug\checkout.obj
e:\study material\ms\ms-2ndsem\ood\project4\final\project4demo\serverprototype\debug\serverprototype.obj
e:\study material\ms\ms-2ndsem\ood\project4\final\project4demo\serverprototype\debug\version.obj
e:\study material\ms\ms-2ndsem\ood\project4\final\project4demo\serverprototype\debug\vc141.idb
e:\study material\ms\ms-2ndsem\ood\project4\final\project4demo\serverprototype\debug\vc141.pdb
e:\study material\ms\ms-2ndsem\ood\project4\final\project4demo\debug\serverprototype.pdb
e:\study material\ms\ms-2ndsem\ood\project4\final\project4demo\debug\serverprototype.exe
e:\study material\ms\ms-2ndsem\ood\project4\final\project4demo\debug\serverprototype.ilk
e:\study material\ms\ms-2ndsem\ood\project4\final\project4demo\serverprototype\debug\serverprototype.tlog\cl.command.1.tlog
e:\study material\ms\ms-2ndsem\ood\project4\final\project4demo\serverprototype\debug\serverprototype.tlog\cl.read.1.tlog
e:\study material\ms\ms-2ndsem\ood\project4\final\project4demo\serverprototype\debug\serverprototype.tlog\cl.write.1.tlog
e:\study material\ms\ms-2ndsem\ood\project4\final\project4demo\serverprototype\debug\serverprototype.tlog\link.command.1.tlog
e:\study material\ms\ms-2ndsem\ood\project4\final\project4demo\serverprototype\debug\serverprototype.tlog\link.read.1.tlog
e:\study material\ms\ms-2ndsem\ood\project4\final\project4demo\serverprototype\debug\serverprototype.tlog\link.write.1.tlog
