d:\ms-2ndsem\ood\project4\final\project4demo\cppcommwithfilexfer\sockets\debug\sockets.pdb
d:\ms-2ndsem\ood\project4\final\project4demo\cppcommwithfilexfer\sockets\debug\sockets.idb
d:\ms-2ndsem\ood\project4\final\project4demo\cppcommwithfilexfer\sockets\debug\logger.obj
d:\ms-2ndsem\ood\project4\final\project4demo\cppcommwithfilexfer\sockets\debug\utilities.obj
d:\ms-2ndsem\ood\project4\final\project4demo\cppcommwithfilexfer\sockets\debug\windowshelpers.obj
d:\ms-2ndsem\ood\project4\final\project4demo\cppcommwithfilexfer\sockets\debug\sockets.obj
e:\study material\ms\ms-2ndsem\ood\project4\final\project4demo\cppcommwithfilexfer\sockets\debug\sockets.pdb
e:\study material\ms\ms-2ndsem\ood\project4\final\project4demo\cppcommwithfilexfer\sockets\debug\sockets.idb
e:\study material\ms\ms-2ndsem\ood\project4\final\project4demo\cppcommwithfilexfer\sockets\debug\logger.obj
e:\study material\ms\ms-2ndsem\ood\project4\final\project4demo\cppcommwithfilexfer\sockets\debug\utilities.obj
e:\study material\ms\ms-2ndsem\ood\project4\final\project4demo\cppcommwithfilexfer\sockets\debug\windowshelpers.obj
e:\study material\ms\ms-2ndsem\ood\project4\final\project4demo\cppcommwithfilexfer\sockets\debug\sockets.obj
d:\ms-2ndsem\ood\project4\final\project4demo\debug\sockets.lib
e:\study material\ms\ms-2ndsem\ood\project4\final\project4demo\debug\sockets.lib
e:\study material\ms\ms-2ndsem\ood\project4\final\project4demo\debug\sockets.pdb
e:\study material\ms\ms-2ndsem\ood\project4\final\project4demo\cppcommwithfilexfer\sockets\debug\sockets.tlog\cl.command.1.tlog
e:\study material\ms\ms-2ndsem\ood\project4\final\project4demo\cppcommwithfilexfer\sockets\debug\sockets.tlog\cl.read.1.tlog
e:\study material\ms\ms-2ndsem\ood\project4\final\project4demo\cppcommwithfilexfer\sockets\debug\sockets.tlog\cl.write.1.tlog
e:\study material\ms\ms-2ndsem\ood\project4\final\project4demo\cppcommwithfilexfer\sockets\debug\sockets.tlog\lib-link.read.1.tlog
e:\study material\ms\ms-2ndsem\ood\project4\final\project4demo\cppcommwithfilexfer\sockets\debug\sockets.tlog\lib-link.write.1.tlog
e:\study material\ms\ms-2ndsem\ood\project4\final\project4demo\cppcommwithfilexfer\sockets\debug\sockets.tlog\lib.command.1.tlog
