d:\ms-2ndsem\ood\project4\final\project4demo\translater\debug\vc141.pdb
d:\ms-2ndsem\ood\project4\final\project4demo\translater\debug\translater.obj
e:\study material\ms\ms-2ndsem\ood\project4\final\project4demo\translater\debug\vc141.pdb
e:\study material\ms\ms-2ndsem\ood\project4\final\project4demo\translater\debug\translater.obj
e:\study material\ms\ms-2ndsem\ood\project4\final\project4demo\translater\debug\.netframework,version=v4.0.assemblyattributes.obj
e:\study material\ms\ms-2ndsem\ood\project4\final\project4demo\translater\debug\.netframework,version=v4.0.assemblyattributes.asm
d:\ms-2ndsem\ood\project4\final\project4demo\debug\translater.dll
d:\ms-2ndsem\ood\project4\final\project4demo\debug\translater.pdb
e:\study material\ms\ms-2ndsem\ood\project4\final\project4demo\debug\translater.dll
e:\study material\ms\ms-2ndsem\ood\project4\final\project4demo\debug\translater.pdb
e:\study material\ms\ms-2ndsem\ood\project4\final\project4demo\translater\debug\translater.vcxprojresolveassemblyreference.cache
e:\study material\ms\ms-2ndsem\ood\project4\final\project4demo\translater\debug\translater.tlog\cl.command.1.tlog
e:\study material\ms\ms-2ndsem\ood\project4\final\project4demo\translater\debug\translater.tlog\cl.read.1.tlog
e:\study material\ms\ms-2ndsem\ood\project4\final\project4demo\translater\debug\translater.tlog\cl.write.1.tlog
e:\study material\ms\ms-2ndsem\ood\project4\final\project4demo\translater\debug\translater.tlog\link.command.1.tlog
e:\study material\ms\ms-2ndsem\ood\project4\final\project4demo\translater\debug\translater.tlog\link.read.1.tlog
e:\study material\ms\ms-2ndsem\ood\project4\final\project4demo\translater\debug\translater.tlog\link.write.1.tlog
e:\study material\ms\ms-2ndsem\ood\project4\final\project4demo\translater\debug\translater.tlog\metagen.read.1.tlog
e:\study material\ms\ms-2ndsem\ood\project4\final\project4demo\translater\debug\translater.tlog\metagen.write.1.tlog
e:\study material\ms\ms-2ndsem\ood\project4\final\project4demo\translater\debug\translater.tlog\tzres.dll.bi
